DEBUG - 2025-06-24 05:46:57 --> Session: Class initialized using 'CodeIgniter\Session\Handlers\FileHandler' driver.
DEBUG - 2025-06-24 05:47:04 --> Session: Class initialized using 'CodeIgniter\Session\Handlers\FileHandler' driver.
DEBUG - 2025-06-24 05:47:04 --> Session: Class initialized using 'CodeIgniter\Session\Handlers\FileHandler' driver.
DEBUG - 2025-06-24 05:47:11 --> Session: Class initialized using 'CodeIgniter\Session\Handlers\FileHandler' driver.
DEBUG - 2025-06-24 05:47:14 --> Session: Class initialized using 'CodeIgniter\Session\Handlers\FileHandler' driver.
DEBUG - 2025-06-24 05:47:14 --> Session: Class initialized using 'CodeIgniter\Session\Handlers\FileHandler' driver.
DEBUG - 2025-06-24 05:47:16 --> Session: Class initialized using 'CodeIgniter\Session\Handlers\FileHandler' driver.
DEBUG - 2025-06-24 05:47:17 --> Session: Class initialized using 'CodeIgniter\Session\Handlers\FileHandler' driver.
DEBUG - 2025-06-24 05:48:12 --> Session: Class initialized using 'CodeIgniter\Session\Handlers\FileHandler' driver.
DEBUG - 2025-06-24 05:48:14 --> Session: Class initialized using 'CodeIgniter\Session\Handlers\FileHandler' driver.
DEBUG - 2025-06-24 06:39:30 --> Session: Class initialized using 'CodeIgniter\Session\Handlers\FileHandler' driver.
ERROR - 2025-06-24 06:39:48 --> Error connecting to the database: mysqli_sql_exception: Unknown database 'antrian' in D:\project\AZY\antrian\system\Database\MySQLi\Connection.php:201
Stack trace:
#0 D:\project\AZY\antrian\system\Database\MySQLi\Connection.php(201): mysqli->real_connect()
#1 D:\project\AZY\antrian\system\Database\BaseConnection.php(421): CodeIgniter\Database\MySQLi\Connection->connect()
#2 D:\project\AZY\antrian\system\Database\BaseConnection.php(620): CodeIgniter\Database\BaseConnection->initialize()
#3 D:\project\AZY\antrian\system\Database\BaseBuilder.php(1649): CodeIgniter\Database\BaseConnection->query()
#4 D:\project\AZY\antrian\system\Model.php(330): CodeIgniter\Database\BaseBuilder->get()
#5 D:\project\AZY\antrian\system\BaseModel.php(713): CodeIgniter\Model->doFirst()
#6 D:\project\AZY\antrian\app\Controllers\AuthController.php(51): CodeIgniter\BaseModel->first()
#7 D:\project\AZY\antrian\system\CodeIgniter.php(933): App\Controllers\AuthController->authenticate()
#8 D:\project\AZY\antrian\system\CodeIgniter.php(507): CodeIgniter\CodeIgniter->runController()
#9 D:\project\AZY\antrian\system\CodeIgniter.php(354): CodeIgniter\CodeIgniter->handleRequest()
#10 D:\project\AZY\antrian\system\Boot.php(334): CodeIgniter\CodeIgniter->run()
#11 D:\project\AZY\antrian\system\Boot.php(67): CodeIgniter\Boot::runCodeIgniter()
#12 D:\project\AZY\antrian\public\index.php(56): CodeIgniter\Boot::bootWeb()
#13 D:\project\AZY\antrian\system\rewrite.php(44): require_once('...')
#14 {main}

Next CodeIgniter\Database\Exceptions\DatabaseException: Unknown database 'antrian' in D:\project\AZY\antrian\system\Database\MySQLi\Connection.php:246
Stack trace:
#0 D:\project\AZY\antrian\system\Database\BaseConnection.php(421): CodeIgniter\Database\MySQLi\Connection->connect()
#1 D:\project\AZY\antrian\system\Database\BaseConnection.php(620): CodeIgniter\Database\BaseConnection->initialize()
#2 D:\project\AZY\antrian\system\Database\BaseBuilder.php(1649): CodeIgniter\Database\BaseConnection->query()
#3 D:\project\AZY\antrian\system\Model.php(330): CodeIgniter\Database\BaseBuilder->get()
#4 D:\project\AZY\antrian\system\BaseModel.php(713): CodeIgniter\Model->doFirst()
#5 D:\project\AZY\antrian\app\Controllers\AuthController.php(51): CodeIgniter\BaseModel->first()
#6 D:\project\AZY\antrian\system\CodeIgniter.php(933): App\Controllers\AuthController->authenticate()
#7 D:\project\AZY\antrian\system\CodeIgniter.php(507): CodeIgniter\CodeIgniter->runController()
#8 D:\project\AZY\antrian\system\CodeIgniter.php(354): CodeIgniter\CodeIgniter->handleRequest()
#9 D:\project\AZY\antrian\system\Boot.php(334): CodeIgniter\CodeIgniter->run()
#10 D:\project\AZY\antrian\system\Boot.php(67): CodeIgniter\Boot::runCodeIgniter()
#11 D:\project\AZY\antrian\public\index.php(56): CodeIgniter\Boot::bootWeb()
#12 D:\project\AZY\antrian\system\rewrite.php(44): require_once('...')
#13 {main}
CRITICAL - 2025-06-24 06:39:48 --> CodeIgniter\Database\Exceptions\DatabaseException: Unable to connect to the database.
Main connection [MySQLi]: Unknown database 'antrian'
[Method: POST, Route: authenticate]
in SYSTEMPATH\Database\BaseConnection.php on line 467.
 1 SYSTEMPATH\Database\BaseConnection.php(620): CodeIgniter\Database\BaseConnection->initialize()
 2 SYSTEMPATH\Database\BaseBuilder.php(1649): CodeIgniter\Database\BaseConnection->query()
 3 SYSTEMPATH\Model.php(330): CodeIgniter\Database\BaseBuilder->get()
 4 SYSTEMPATH\BaseModel.php(713): CodeIgniter\Model->doFirst()
 5 APPPATH\Controllers\AuthController.php(51): CodeIgniter\BaseModel->first()
 6 SYSTEMPATH\CodeIgniter.php(933): App\Controllers\AuthController->authenticate()
 7 SYSTEMPATH\CodeIgniter.php(507): CodeIgniter\CodeIgniter->runController()
 8 SYSTEMPATH\CodeIgniter.php(354): CodeIgniter\CodeIgniter->handleRequest()
 9 SYSTEMPATH\Boot.php(334): CodeIgniter\CodeIgniter->run()
10 SYSTEMPATH\Boot.php(67): CodeIgniter\Boot::runCodeIgniter()
11 FCPATH\index.php(56): CodeIgniter\Boot::bootWeb()
12 SYSTEMPATH\rewrite.php(44): require_once('D:\\project\\AZY\\antrian\\public\\index.php')
DEBUG - 2025-06-24 06:59:47 --> Session: Class initialized using 'CodeIgniter\Session\Handlers\FileHandler' driver.
DEBUG - 2025-06-24 06:59:47 --> Session: Class initialized using 'CodeIgniter\Session\Handlers\FileHandler' driver.
DEBUG - 2025-06-24 07:17:48 --> Session: Class initialized using 'CodeIgniter\Session\Handlers\FileHandler' driver.
DEBUG - 2025-06-24 07:19:32 --> Session: Class initialized using 'CodeIgniter\Session\Handlers\FileHandler' driver.
DEBUG - 2025-06-24 07:19:32 --> Session: Class initialized using 'CodeIgniter\Session\Handlers\FileHandler' driver.
DEBUG - 2025-06-24 07:19:34 --> Session: Class initialized using 'CodeIgniter\Session\Handlers\FileHandler' driver.
DEBUG - 2025-06-24 07:19:34 --> Session: Class initialized using 'CodeIgniter\Session\Handlers\FileHandler' driver.
DEBUG - 2025-06-24 07:21:25 --> Session: Class initialized using 'CodeIgniter\Session\Handlers\FileHandler' driver.
DEBUG - 2025-06-24 07:21:25 --> Session: Class initialized using 'CodeIgniter\Session\Handlers\FileHandler' driver.
DEBUG - 2025-06-24 07:23:21 --> Session: Class initialized using 'CodeIgniter\Session\Handlers\FileHandler' driver.
DEBUG - 2025-06-24 07:23:33 --> Session: Class initialized using 'CodeIgniter\Session\Handlers\FileHandler' driver.
DEBUG - 2025-06-24 07:23:33 --> Session: Class initialized using 'CodeIgniter\Session\Handlers\FileHandler' driver.
DEBUG - 2025-06-24 07:43:27 --> Session: Class initialized using 'CodeIgniter\Session\Handlers\FileHandler' driver.
DEBUG - 2025-06-24 07:43:27 --> Session: Class initialized using 'CodeIgniter\Session\Handlers\FileHandler' driver.
DEBUG - 2025-06-24 07:43:28 --> Session: Class initialized using 'CodeIgniter\Session\Handlers\FileHandler' driver.
CRITICAL - 2025-06-24 08:03:49 --> ErrorException: Undefined variable $antrian
[Method: GET, Route: panggilan]
in APPPATH\Views\panggilan.php on line 52.
 1 APPPATH\Views\panggilan.php(52): CodeIgniter\Debug\Exceptions->errorHandler()
 2 SYSTEMPATH\View\View.php(224): include('D:\\project\\AZY\\antrian\\app\\Views\\panggilan.php')
 3 SYSTEMPATH\View\View.php(227): CodeIgniter\View\View->{closure:CodeIgniter\View\View::render():221}()
 4 SYSTEMPATH\Common.php(1173): CodeIgniter\View\View->render()
 5 APPPATH\Controllers\PanggilanController.php(38): view()
 6 SYSTEMPATH\CodeIgniter.php(933): App\Controllers\PanggilanController->index()
 7 SYSTEMPATH\CodeIgniter.php(507): CodeIgniter\CodeIgniter->runController()
 8 SYSTEMPATH\CodeIgniter.php(354): CodeIgniter\CodeIgniter->handleRequest()
 9 SYSTEMPATH\Boot.php(334): CodeIgniter\CodeIgniter->run()
10 SYSTEMPATH\Boot.php(67): CodeIgniter\Boot::runCodeIgniter()
11 FCPATH\index.php(56): CodeIgniter\Boot::bootWeb()
12 SYSTEMPATH\rewrite.php(44): require_once('D:\\project\\AZY\\antrian\\public\\index.php')
CRITICAL - 2025-06-24 08:04:31 --> ErrorException: Undefined variable $antrian
[Method: GET, Route: panggilan]
in APPPATH\Views\panggilan.php on line 52.
 1 APPPATH\Views\panggilan.php(52): CodeIgniter\Debug\Exceptions->errorHandler()
 2 SYSTEMPATH\View\View.php(224): include('D:\\project\\AZY\\antrian\\app\\Views\\panggilan.php')
 3 SYSTEMPATH\View\View.php(227): CodeIgniter\View\View->{closure:CodeIgniter\View\View::render():221}()
 4 SYSTEMPATH\Common.php(1173): CodeIgniter\View\View->render()
 5 APPPATH\Controllers\PanggilanController.php(38): view()
 6 SYSTEMPATH\CodeIgniter.php(933): App\Controllers\PanggilanController->index()
 7 SYSTEMPATH\CodeIgniter.php(507): CodeIgniter\CodeIgniter->runController()
 8 SYSTEMPATH\CodeIgniter.php(354): CodeIgniter\CodeIgniter->handleRequest()
 9 SYSTEMPATH\Boot.php(334): CodeIgniter\CodeIgniter->run()
10 SYSTEMPATH\Boot.php(67): CodeIgniter\Boot::runCodeIgniter()
11 FCPATH\index.php(56): CodeIgniter\Boot::bootWeb()
12 SYSTEMPATH\rewrite.php(44): require_once('D:\\project\\AZY\\antrian\\public\\index.php')
CRITICAL - 2025-06-24 08:04:32 --> ErrorException: Undefined variable $antrian
[Method: GET, Route: panggilan]
in APPPATH\Views\panggilan.php on line 52.
 1 APPPATH\Views\panggilan.php(52): CodeIgniter\Debug\Exceptions->errorHandler()
 2 SYSTEMPATH\View\View.php(224): include('D:\\project\\AZY\\antrian\\app\\Views\\panggilan.php')
 3 SYSTEMPATH\View\View.php(227): CodeIgniter\View\View->{closure:CodeIgniter\View\View::render():221}()
 4 SYSTEMPATH\Common.php(1173): CodeIgniter\View\View->render()
 5 APPPATH\Controllers\PanggilanController.php(38): view()
 6 SYSTEMPATH\CodeIgniter.php(933): App\Controllers\PanggilanController->index()
 7 SYSTEMPATH\CodeIgniter.php(507): CodeIgniter\CodeIgniter->runController()
 8 SYSTEMPATH\CodeIgniter.php(354): CodeIgniter\CodeIgniter->handleRequest()
 9 SYSTEMPATH\Boot.php(334): CodeIgniter\CodeIgniter->run()
10 SYSTEMPATH\Boot.php(67): CodeIgniter\Boot::runCodeIgniter()
11 FCPATH\index.php(56): CodeIgniter\Boot::bootWeb()
12 SYSTEMPATH\rewrite.php(44): require_once('D:\\project\\AZY\\antrian\\public\\index.php')
DEBUG - 2025-06-24 08:04:45 --> Session: Class initialized using 'CodeIgniter\Session\Handlers\FileHandler' driver.
DEBUG - 2025-06-24 08:04:57 --> Session: Class initialized using 'CodeIgniter\Session\Handlers\FileHandler' driver.
DEBUG - 2025-06-24 08:04:57 --> Session: Class initialized using 'CodeIgniter\Session\Handlers\FileHandler' driver.
DEBUG - 2025-06-24 08:05:04 --> Session: Class initialized using 'CodeIgniter\Session\Handlers\FileHandler' driver.
DEBUG - 2025-06-24 08:05:05 --> Session: Class initialized using 'CodeIgniter\Session\Handlers\FileHandler' driver.
CRITICAL - 2025-06-24 08:05:07 --> ErrorException: Undefined variable $antrian
[Method: GET, Route: panggilan]
in APPPATH\Views\panggilan.php on line 52.
 1 APPPATH\Views\panggilan.php(52): CodeIgniter\Debug\Exceptions->errorHandler()
 2 SYSTEMPATH\View\View.php(224): include('D:\\project\\AZY\\antrian\\app\\Views\\panggilan.php')
 3 SYSTEMPATH\View\View.php(227): CodeIgniter\View\View->{closure:CodeIgniter\View\View::render():221}()
 4 SYSTEMPATH\Common.php(1173): CodeIgniter\View\View->render()
 5 APPPATH\Controllers\PanggilanController.php(38): view()
 6 SYSTEMPATH\CodeIgniter.php(933): App\Controllers\PanggilanController->index()
 7 SYSTEMPATH\CodeIgniter.php(507): CodeIgniter\CodeIgniter->runController()
 8 SYSTEMPATH\CodeIgniter.php(354): CodeIgniter\CodeIgniter->handleRequest()
 9 SYSTEMPATH\Boot.php(334): CodeIgniter\CodeIgniter->run()
10 SYSTEMPATH\Boot.php(67): CodeIgniter\Boot::runCodeIgniter()
11 FCPATH\index.php(56): CodeIgniter\Boot::bootWeb()
12 SYSTEMPATH\rewrite.php(44): require_once('D:\\project\\AZY\\antrian\\public\\index.php')
DEBUG - 2025-06-24 08:14:33 --> Session: Class initialized using 'CodeIgniter\Session\Handlers\FileHandler' driver.
DEBUG - 2025-06-24 08:14:33 --> Session: Class initialized using 'CodeIgniter\Session\Handlers\FileHandler' driver.
DEBUG - 2025-06-24 08:34:27 --> Session: Class initialized using 'CodeIgniter\Session\Handlers\FileHandler' driver.
DEBUG - 2025-06-24 08:34:28 --> Session: Class initialized using 'CodeIgniter\Session\Handlers\FileHandler' driver.
DEBUG - 2025-06-24 08:35:10 --> Session: Class initialized using 'CodeIgniter\Session\Handlers\FileHandler' driver.
DEBUG - 2025-06-24 08:35:10 --> Session: Class initialized using 'CodeIgniter\Session\Handlers\FileHandler' driver.
DEBUG - 2025-06-24 08:37:18 --> Session: Class initialized using 'CodeIgniter\Session\Handlers\FileHandler' driver.
DEBUG - 2025-06-24 08:37:19 --> Session: Class initialized using 'CodeIgniter\Session\Handlers\FileHandler' driver.
DEBUG - 2025-06-24 08:37:19 --> Session: Class initialized using 'CodeIgniter\Session\Handlers\FileHandler' driver.
